<?xml version="1.0" encoding="UTF-8"?>
<!-- Generated by org.testng.reporters.JUnitReportReporter -->
<testsuite skipped="0" hostname="XUAN-NGUYEN" name="restAssuredAPI.RestAssuredAPI_GET2" tests="2" failures="0" timestamp="2019-11-12T23:03:02 ICT" time="1.814" errors="0">
  <testcase name="GetPostWithAllID" time="0.902" classname="restAssuredAPI.RestAssuredAPI_GET2"/>
  <testcase name="GetPostWithAllID" time="0.912" classname="restAssuredAPI.RestAssuredAPI_GET2"/>
</testsuite> <!-- restAssuredAPI.RestAssuredAPI_GET2 -->
