<?xml version="1.0" encoding="UTF-8"?>
<!-- Generated by org.testng.reporters.JUnitReportReporter -->
<testsuite skipped="0" hostname="XUAN-NGUYEN" name="test.StudentRequest_ApprovedTest" tests="2" failures="0" timestamp="2019-11-12T23:03:02 ICT" time="37.088" errors="0">
  <testcase name="testTotalRequestApproved" time="20.132" classname="test.StudentRequest_ApprovedTest"/>
  <testcase name="testTotalRequestApproved" time="16.956" classname="test.StudentRequest_ApprovedTest"/>
</testsuite> <!-- test.StudentRequest_ApprovedTest -->
