<?xml version="1.0" encoding="UTF-8"?>
<!-- Generated by org.testng.reporters.JUnitReportReporter -->
<testsuite skipped="0" hostname="XUAN-NGUYEN" name="restAssuredAPI.RestAssuredAPI_GET" tests="2" failures="0" timestamp="2019-11-12T23:03:02 ICT" time="3.291" errors="0">
  <testcase name="GetPostWithID1" time="2.395" classname="restAssuredAPI.RestAssuredAPI_GET"/>
  <testcase name="GetPostWithID1" time="0.896" classname="restAssuredAPI.RestAssuredAPI_GET"/>
</testsuite> <!-- restAssuredAPI.RestAssuredAPI_GET -->
