<?xml version="1.0" encoding="UTF-8"?>
<!-- Generated by org.testng.reporters.JUnitReportReporter -->
<testsuite skipped="0" hostname="tuongnhk" name="test.KtvnLoginTest" tests="1" failures="0" timestamp="2019-11-13T10:18:34 ICT" time="17.462" errors="0">
  <testcase name="testKtvnLogin" time="17.462" classname="test.KtvnLoginTest"/>
</testsuite> <!-- test.KtvnLoginTest -->
